<?xml version="1.0" encoding="UTF-8"?>
<!-- Generated by org.testng.reporters.JUnitReportReporter -->
<testsuite hostname="GNWINDL2096013" failures="0" tests="1" name="testCases.Validate_SignUp" time="85.364" errors="0" timestamp="2021-08-23T11:57:29 IST" skipped="0">
  <testcase classname="testCases.Validate_SignUp" name="main" time="85.364"/>
  <system-out/>
</testsuite> <!-- testCases.Validate_SignUp -->
