<?xml version="1.0" encoding="UTF-8"?>
<!-- Generated by org.testng.reporters.JUnitReportReporter -->
<testsuite hostname="GNWINDL2096013" failures="0" tests="1" name="testCases.Validate_Login" time="11.606" errors="0" timestamp="2021-08-23T11:57:29 IST" skipped="0">
  <testcase classname="testCases.Validate_Login" name="main" time="11.606"/>
  <system-out/>
</testsuite> <!-- testCases.Validate_Login -->
